[debug] [2017-11-26T22:33:12.681Z] ----------------------------------------------------------------------
[debug] [2017-11-26T22:33:12.684Z] Command:       /usr/local/Cellar/node/8.6.0/bin/node /usr/local/bin/firebase serve
[debug] [2017-11-26T22:33:12.684Z] CLI Version:   3.15.3
[debug] [2017-11-26T22:33:12.684Z] Platform:      darwin
[debug] [2017-11-26T22:33:12.684Z] Node Version:  v8.6.0
[debug] [2017-11-26T22:33:12.685Z] Time:          Sun Nov 26 2017 15:33:12 GMT-0700 (MST)
[debug] [2017-11-26T22:33:12.685Z] ----------------------------------------------------------------------
[debug] 
[debug] [2017-11-26T22:33:12.698Z] > command requires scopes: ["email","openid","https://www.googleapis.com/auth/cloudplatformprojects.readonly","https://www.googleapis.com/auth/firebase","https://www.googleapis.com/auth/cloud-platform"]
[debug] [2017-11-26T22:33:12.698Z] > authorizing via signed-in user
[debug] [2017-11-26T22:33:12.700Z] > refreshing access token with scopes: ["email","https://www.googleapis.com/auth/cloud-platform","https://www.googleapis.com/auth/cloudplatformprojects.readonly","https://www.googleapis.com/auth/firebase","openid"]
[debug] [2017-11-26T22:33:12.700Z] >>> HTTP REQUEST POST https://www.googleapis.com/oauth2/v3/token { refresh_token: '1/dsXT7BIespV5uXdGaRqrN2YDbW0_5plwCKTfrc-3QQQ',
  client_id: '563584335869-fgrhgmd47bqnekij5i8b5pr03ho849e6.apps.googleusercontent.com',
  client_secret: 'j9iVZfS8kkCEFUPaAeJV0sAi',
  grant_type: 'refresh_token',
  scope: 'email https://www.googleapis.com/auth/cloud-platform https://www.googleapis.com/auth/cloudplatformprojects.readonly https://www.googleapis.com/auth/firebase openid' } 
 Sun Nov 26 2017 15:33:12 GMT-0700 (MST)
[debug] [2017-11-26T22:33:13.008Z] <<< HTTP RESPONSE 200
[debug] [2017-11-26T22:33:13.016Z] >>> HTTP REQUEST GET https://admin.firebase.com/v1/projects/barber-search  
 Sun Nov 26 2017 15:33:13 GMT-0700 (MST)
[debug] [2017-11-26T22:33:13.431Z] <<< HTTP RESPONSE 200
[debug] [2017-11-26T22:33:13.433Z] >>> HTTP REQUEST GET https://admin.firebase.com/v1/database/barber-search/tokens  
 Sun Nov 26 2017 15:33:13 GMT-0700 (MST)
[debug] [2017-11-26T22:33:14.104Z] <<< HTTP RESPONSE 200
[info] 
[info] === Serving from '/Users/zacharyshorts/Documents/School/ComputerScience/CS301/Barber Search'...
[info] 
[debug] [2017-11-26T22:33:14.107Z] >>> HTTP REQUEST GET https://cloudresourcemanager.googleapis.com/v1/projects/barber-search  
 Sun Nov 26 2017 15:33:14 GMT-0700 (MST)
[debug] [2017-11-26T22:33:14.712Z] <<< HTTP RESPONSE 200
[debug] [2017-11-26T22:33:14.713Z] >>> HTTP REQUEST GET https://mobilesdk-pa.googleapis.com/v1/projects/871581471072/clients/_:getWebAppConfig  
 Sun Nov 26 2017 15:33:14 GMT-0700 (MST)
[debug] [2017-11-26T22:33:15.335Z] <<< HTTP RESPONSE 200
[info] i  hosting: Serving hosting files from: public
[info] ✔  hosting: Local server: http://localhost:5000

